::1 - - [29/Dec/2019:10:25:06 +0000] "GET /blog HTTP/1.1" 200 665 "http://localhost:4000/blog" "Mozilla/5.0 (Windows NT 10.0; WOW64) AppleWebKit/537.36 (KHTML, like Gecko) Chrome/73.0.3683.86 Safari/537.36"
::1 - - [29/Dec/2019:10:25:07 +0000] "GET /api/blogs?fields=_id,title,summary,createTime,viewTimes,tags,category HTTP/1.1" 200 286 "http://localhost:4000/blog" "Mozilla/5.0 (Windows NT 10.0; WOW64) AppleWebKit/537.36 (KHTML, like Gecko) Chrome/73.0.3683.86 Safari/537.36"
::1 - - [29/Dec/2019:10:25:07 +0000] "GET /api/profiles HTTP/1.1" 200 74 "http://localhost:4000/blog" "Mozilla/5.0 (Windows NT 10.0; WOW64) AppleWebKit/537.36 (KHTML, like Gecko) Chrome/73.0.3683.86 Safari/537.36"
::1 - - [29/Dec/2019:10:25:07 +0000] "GET /blog/favicon.ico HTTP/1.1" 200 7094 "http://localhost:4000/blog" "Mozilla/5.0 (Windows NT 10.0; WOW64) AppleWebKit/537.36 (KHTML, like Gecko) Chrome/73.0.3683.86 Safari/537.36"
::1 - - [29/Dec/2019:10:26:40 +0000] "GET /api/resumes HTTP/1.1" 400 59 "http://localhost:4000/blog" "Mozilla/5.0 (Windows NT 10.0; WOW64) AppleWebKit/537.36 (KHTML, like Gecko) Chrome/73.0.3683.86 Safari/537.36"
::1 - - [29/Dec/2019:10:26:47 +0000] "GET /blog HTTP/1.1" 200 665 "http://localhost:4000/blog" "Mozilla/5.0 (Windows NT 10.0; WOW64) AppleWebKit/537.36 (KHTML, like Gecko) Chrome/73.0.3683.86 Safari/537.36"
::1 - - [29/Dec/2019:10:26:47 +0000] "GET /api/resumes HTTP/1.1" 400 59 "http://localhost:4000/blog" "Mozilla/5.0 (Windows NT 10.0; WOW64) AppleWebKit/537.36 (KHTML, like Gecko) Chrome/73.0.3683.86 Safari/537.36"
::1 - - [29/Dec/2019:10:26:47 +0000] "GET /api/profiles HTTP/1.1" 200 74 "http://localhost:4000/blog" "Mozilla/5.0 (Windows NT 10.0; WOW64) AppleWebKit/537.36 (KHTML, like Gecko) Chrome/73.0.3683.86 Safari/537.36"
::1 - - [29/Dec/2019:10:26:47 +0000] "GET /blog/favicon.ico HTTP/1.1" 200 7094 "http://localhost:4000/blog" "Mozilla/5.0 (Windows NT 10.0; WOW64) AppleWebKit/537.36 (KHTML, like Gecko) Chrome/73.0.3683.86 Safari/537.36"
::1 - - [29/Dec/2019:10:27:45 +0000] "POST /admin/api/resumes HTTP/1.1" 200 32 "http://localhost:4000/admin/mine" "Mozilla/5.0 (Windows NT 10.0; WOW64) AppleWebKit/537.36 (KHTML, like Gecko) Chrome/73.0.3683.86 Safari/537.36"
::1 - - [29/Dec/2019:10:27:45 +0000] "GET /api/blogs?embed=tags,categories&fields=_id,title,summary,createTime,viewTimes,tags,category,markdownContent HTTP/1.1" 200 354 "http://localhost:4000/admin/home" "Mozilla/5.0 (Windows NT 10.0; WOW64) AppleWebKit/537.36 (KHTML, like Gecko) Chrome/73.0.3683.86 Safari/537.36"
::1 - - [29/Dec/2019:10:27:52 +0000] "GET /blog HTTP/1.1" 200 665 "http://localhost:4000/blog" "Mozilla/5.0 (Windows NT 10.0; WOW64) AppleWebKit/537.36 (KHTML, like Gecko) Chrome/73.0.3683.86 Safari/537.36"
::1 - - [29/Dec/2019:10:27:52 +0000] "GET /api/resumes HTTP/1.1" 200 79 "http://localhost:4000/blog" "Mozilla/5.0 (Windows NT 10.0; WOW64) AppleWebKit/537.36 (KHTML, like Gecko) Chrome/73.0.3683.86 Safari/537.36"
::1 - - [29/Dec/2019:10:27:52 +0000] "GET /api/profiles HTTP/1.1" 200 74 "http://localhost:4000/blog" "Mozilla/5.0 (Windows NT 10.0; WOW64) AppleWebKit/537.36 (KHTML, like Gecko) Chrome/73.0.3683.86 Safari/537.36"
::1 - - [29/Dec/2019:10:27:52 +0000] "GET /blog/favicon.ico HTTP/1.1" 200 7094 "http://localhost:4000/blog" "Mozilla/5.0 (Windows NT 10.0; WOW64) AppleWebKit/537.36 (KHTML, like Gecko) Chrome/73.0.3683.86 Safari/537.36"
::1 - - [29/Dec/2019:10:27:57 +0000] "GET /api/blogs?fields=_id,title,summary,createTime,viewTimes,tags,category HTTP/1.1" 200 286 "http://localhost:4000/blog" "Mozilla/5.0 (Windows NT 10.0; WOW64) AppleWebKit/537.36 (KHTML, like Gecko) Chrome/73.0.3683.86 Safari/537.36"
::1 - - [29/Dec/2019:10:27:58 +0000] "GET /api/resumes HTTP/1.1" 200 79 "http://localhost:4000/blog" "Mozilla/5.0 (Windows NT 10.0; WOW64) AppleWebKit/537.36 (KHTML, like Gecko) Chrome/73.0.3683.86 Safari/537.36"
::1 - - [29/Dec/2019:10:27:59 +0000] "GET /api/blogs?fields=_id,title,summary,createTime,viewTimes,tags,category HTTP/1.1" 200 286 "http://localhost:4000/blog" "Mozilla/5.0 (Windows NT 10.0; WOW64) AppleWebKit/537.36 (KHTML, like Gecko) Chrome/73.0.3683.86 Safari/537.36"
::1 - - [29/Dec/2019:10:28:04 +0000] "GET /api/resumes HTTP/1.1" 200 79 "http://localhost:4000/blog" "Mozilla/5.0 (Windows NT 10.0; WOW64) AppleWebKit/537.36 (KHTML, like Gecko) Chrome/73.0.3683.86 Safari/537.36"
::1 - - [29/Dec/2019:10:28:06 +0000] "GET /api/blogs?fields=_id,title,summary,createTime,viewTimes,tags,category HTTP/1.1" 200 286 "http://localhost:4000/blog" "Mozilla/5.0 (Windows NT 10.0; WOW64) AppleWebKit/537.36 (KHTML, like Gecko) Chrome/73.0.3683.86 Safari/537.36"
